[github.com/flipped-aurora/gin-vue-admin/server]2022/12/14 - 15:53:28.979	[34minfo[0m	/Users/yangpanda/Desktop/éº¦ç›Ÿç§‘æŠ€/ç§¯è¿å®/jiyunbao/server/initialize/gorm.go:83	register table success
[github.com/flipped-aurora/gin-vue-admin/server]2022/12/14 - 15:53:29.004	[34minfo[0m	/Users/yangpanda/Desktop/éº¦ç›Ÿç§‘æŠ€/ç§¯è¿å®/jiyunbao/server/initialize/redis.go:23	redis connect ping response:	{"pong": "PONG"}
[github.com/flipped-aurora/gin-vue-admin/server]2022/12/14 - 15:53:29.017	[34minfo[0m	/Users/yangpanda/Desktop/éº¦ç›Ÿç§‘æŠ€/ç§¯è¿å®/jiyunbao/server/initialize/router.go:39	register swagger handler
[github.com/flipped-aurora/gin-vue-admin/server]2022/12/14 - 15:53:30.802	[34minfo[0m	/Users/yangpanda/Desktop/éº¦ç›Ÿç§‘æŠ€/ç§¯è¿å®/jiyunbao/server/initialize/router.go:132	router register success
[github.com/flipped-aurora/gin-vue-admin/server]2022/12/14 - 15:53:30.802	[34minfo[0m	/Users/yangpanda/Desktop/éº¦ç›Ÿç§‘æŠ€/ç§¯è¿å®/jiyunbao/server/core/server.go:36	server run success on 	{"address": ":9521"}
[github.com/flipped-aurora/gin-vue-admin/server]2022/12/14 - 18:41:11.474	[34minfo[0m	/Users/yangpanda/Desktop/éº¦ç›Ÿç§‘æŠ€/ç§¯è¿å®/jiyunbao/server/initialize/gorm.go:83	register table success
[github.com/flipped-aurora/gin-vue-admin/server]2022/12/14 - 18:41:11.500	[34minfo[0m	/Users/yangpanda/Desktop/éº¦ç›Ÿç§‘æŠ€/ç§¯è¿å®/jiyunbao/server/initialize/redis.go:23	redis connect ping response:	{"pong": "PONG"}
[github.com/flipped-aurora/gin-vue-admin/server]2022/12/14 - 18:41:11.512	[34minfo[0m	/Users/yangpanda/Desktop/éº¦ç›Ÿç§‘æŠ€/ç§¯è¿å®/jiyunbao/server/initialize/router.go:39	register swagger handler
[github.com/flipped-aurora/gin-vue-admin/server]2022/12/14 - 18:41:11.607	[34minfo[0m	/Users/yangpanda/Desktop/éº¦ç›Ÿç§‘æŠ€/ç§¯è¿å®/jiyunbao/server/initialize/router.go:132	router register success
[github.com/flipped-aurora/gin-vue-admin/server]2022/12/14 - 18:41:11.607	[34minfo[0m	/Users/yangpanda/Desktop/éº¦ç›Ÿç§‘æŠ€/ç§¯è¿å®/jiyunbao/server/core/server.go:36	server run success on 	{"address": ":9521"}
[github.com/flipped-aurora/gin-vue-admin/server]2022/12/14 - 18:50:59.337	[34minfo[0m	/Users/yangpanda/Desktop/éº¦ç›Ÿç§‘æŠ€/ç§¯è¿å®/jiyunbao/server/initialize/gorm.go:83	register table success
[github.com/flipped-aurora/gin-vue-admin/server]2022/12/14 - 18:50:59.352	[34minfo[0m	/Users/yangpanda/Desktop/éº¦ç›Ÿç§‘æŠ€/ç§¯è¿å®/jiyunbao/server/initialize/redis.go:23	redis connect ping response:	{"pong": "PONG"}
[github.com/flipped-aurora/gin-vue-admin/server]2022/12/14 - 18:50:59.365	[34minfo[0m	/Users/yangpanda/Desktop/éº¦ç›Ÿç§‘æŠ€/ç§¯è¿å®/jiyunbao/server/initialize/router.go:39	register swagger handler
[github.com/flipped-aurora/gin-vue-admin/server]2022/12/14 - 18:50:59.438	[34minfo[0m	/Users/yangpanda/Desktop/éº¦ç›Ÿç§‘æŠ€/ç§¯è¿å®/jiyunbao/server/initialize/router.go:132	router register success
[github.com/flipped-aurora/gin-vue-admin/server]2022/12/14 - 18:50:59.438	[34minfo[0m	/Users/yangpanda/Desktop/éº¦ç›Ÿç§‘æŠ€/ç§¯è¿å®/jiyunbao/server/core/server.go:36	server run success on 	{"address": ":9521"}
[github.com/flipped-aurora/gin-vue-admin/server]2022/12/14 - 18:56:30.879	[34minfo[0m	/Users/yangpanda/Desktop/éº¦ç›Ÿç§‘æŠ€/ç§¯è¿å®/jiyunbao/server/initialize/gorm.go:83	register table success
[github.com/flipped-aurora/gin-vue-admin/server]2022/12/14 - 18:56:30.895	[34minfo[0m	/Users/yangpanda/Desktop/éº¦ç›Ÿç§‘æŠ€/ç§¯è¿å®/jiyunbao/server/initialize/redis.go:23	redis connect ping response:	{"pong": "PONG"}
[github.com/flipped-aurora/gin-vue-admin/server]2022/12/14 - 18:56:30.906	[34minfo[0m	/Users/yangpanda/Desktop/éº¦ç›Ÿç§‘æŠ€/ç§¯è¿å®/jiyunbao/server/initialize/router.go:39	register swagger handler
[github.com/flipped-aurora/gin-vue-admin/server]2022/12/14 - 18:56:30.963	[34minfo[0m	/Users/yangpanda/Desktop/éº¦ç›Ÿç§‘æŠ€/ç§¯è¿å®/jiyunbao/server/initialize/router.go:132	router register success
[github.com/flipped-aurora/gin-vue-admin/server]2022/12/14 - 18:56:30.964	[34minfo[0m	/Users/yangpanda/Desktop/éº¦ç›Ÿç§‘æŠ€/ç§¯è¿å®/jiyunbao/server/core/server.go:36	server run success on 	{"address": ":9521"}
[github.com/flipped-aurora/gin-vue-admin/server]2022/12/14 - 18:57:53.066	[34minfo[0m	/Users/yangpanda/Desktop/éº¦ç›Ÿç§‘æŠ€/ç§¯è¿å®/jiyunbao/server/initialize/gorm.go:83	register table success
[github.com/flipped-aurora/gin-vue-admin/server]2022/12/14 - 18:57:53.133	[34minfo[0m	/Users/yangpanda/Desktop/éº¦ç›Ÿç§‘æŠ€/ç§¯è¿å®/jiyunbao/server/initialize/redis.go:23	redis connect ping response:	{"pong": "PONG"}
[github.com/flipped-aurora/gin-vue-admin/server]2022/12/14 - 18:57:53.145	[34minfo[0m	/Users/yangpanda/Desktop/éº¦ç›Ÿç§‘æŠ€/ç§¯è¿å®/jiyunbao/server/initialize/router.go:39	register swagger handler
[github.com/flipped-aurora/gin-vue-admin/server]2022/12/14 - 18:57:53.171	[34minfo[0m	/Users/yangpanda/Desktop/éº¦ç›Ÿç§‘æŠ€/ç§¯è¿å®/jiyunbao/server/initialize/router.go:132	router register success
[github.com/flipped-aurora/gin-vue-admin/server]2022/12/14 - 18:57:53.171	[34minfo[0m	/Users/yangpanda/Desktop/éº¦ç›Ÿç§‘æŠ€/ç§¯è¿å®/jiyunbao/server/core/server.go:36	server run success on 	{"address": ":9521"}
[github.com/flipped-aurora/gin-vue-admin/server]2022/12/14 - 19:06:00.790	[34minfo[0m	/Users/yangpanda/Desktop/éº¦ç›Ÿç§‘æŠ€/ç§¯è¿å®/jiyunbao/server/initialize/gorm.go:83	register table success
[github.com/flipped-aurora/gin-vue-admin/server]2022/12/14 - 19:06:00.799	[34minfo[0m	/Users/yangpanda/Desktop/éº¦ç›Ÿç§‘æŠ€/ç§¯è¿å®/jiyunbao/server/initialize/redis.go:23	redis connect ping response:	{"pong": "PONG"}
[github.com/flipped-aurora/gin-vue-admin/server]2022/12/14 - 19:06:00.812	[34minfo[0m	/Users/yangpanda/Desktop/éº¦ç›Ÿç§‘æŠ€/ç§¯è¿å®/jiyunbao/server/initialize/router.go:39	register swagger handler
[github.com/flipped-aurora/gin-vue-admin/server]2022/12/14 - 19:06:00.863	[34minfo[0m	/Users/yangpanda/Desktop/éº¦ç›Ÿç§‘æŠ€/ç§¯è¿å®/jiyunbao/server/initialize/router.go:132	router register success
[github.com/flipped-aurora/gin-vue-admin/server]2022/12/14 - 19:06:00.864	[34minfo[0m	/Users/yangpanda/Desktop/éº¦ç›Ÿç§‘æŠ€/ç§¯è¿å®/jiyunbao/server/core/server.go:36	server run success on 	{"address": ":9521"}
[github.com/flipped-aurora/gin-vue-admin/server]2022/12/14 - 19:43:40.569	[34minfo[0m	/Users/yangpanda/Desktop/éº¦ç›Ÿç§‘æŠ€/ç§¯è¿å®/jiyunbao/server/initialize/gorm.go:83	register table success
[github.com/flipped-aurora/gin-vue-admin/server]2022/12/14 - 19:43:40.581	[34minfo[0m	/Users/yangpanda/Desktop/éº¦ç›Ÿç§‘æŠ€/ç§¯è¿å®/jiyunbao/server/initialize/redis.go:23	redis connect ping response:	{"pong": "PONG"}
[github.com/flipped-aurora/gin-vue-admin/server]2022/12/14 - 19:43:40.661	[34minfo[0m	/Users/yangpanda/Desktop/éº¦ç›Ÿç§‘æŠ€/ç§¯è¿å®/jiyunbao/server/initialize/router.go:39	register swagger handler
[github.com/flipped-aurora/gin-vue-admin/server]2022/12/14 - 19:43:40.783	[34minfo[0m	/Users/yangpanda/Desktop/éº¦ç›Ÿç§‘æŠ€/ç§¯è¿å®/jiyunbao/server/initialize/router.go:132	router register success
[github.com/flipped-aurora/gin-vue-admin/server]2022/12/14 - 19:43:40.783	[34minfo[0m	/Users/yangpanda/Desktop/éº¦ç›Ÿç§‘æŠ€/ç§¯è¿å®/jiyunbao/server/core/server.go:36	server run success on 	{"address": ":9521"}
[github.com/flipped-aurora/gin-vue-admin/server]2022/12/14 - 20:07:52.250	[34minfo[0m	/Users/yangpanda/Desktop/éº¦ç›Ÿç§‘æŠ€/ç§¯è¿å®/jiyunbao/server/initialize/gorm.go:83	register table success
[github.com/flipped-aurora/gin-vue-admin/server]2022/12/14 - 20:07:52.261	[34minfo[0m	/Users/yangpanda/Desktop/éº¦ç›Ÿç§‘æŠ€/ç§¯è¿å®/jiyunbao/server/initialize/redis.go:23	redis connect ping response:	{"pong": "PONG"}
[github.com/flipped-aurora/gin-vue-admin/server]2022/12/14 - 20:07:52.278	[34minfo[0m	/Users/yangpanda/Desktop/éº¦ç›Ÿç§‘æŠ€/ç§¯è¿å®/jiyunbao/server/initialize/router.go:39	register swagger handler
[github.com/flipped-aurora/gin-vue-admin/server]2022/12/14 - 20:07:52.329	[34minfo[0m	/Users/yangpanda/Desktop/éº¦ç›Ÿç§‘æŠ€/ç§¯è¿å®/jiyunbao/server/initialize/router.go:132	router register success
[github.com/flipped-aurora/gin-vue-admin/server]2022/12/14 - 20:07:52.330	[34minfo[0m	/Users/yangpanda/Desktop/éº¦ç›Ÿç§‘æŠ€/ç§¯è¿å®/jiyunbao/server/core/server.go:36	server run success on 	{"address": ":9521"}
[github.com/flipped-aurora/gin-vue-admin/server]2022/12/14 - 20:11:28.008	[34minfo[0m	/Users/yangpanda/Desktop/éº¦ç›Ÿç§‘æŠ€/ç§¯è¿å®/jiyunbao/server/initialize/gorm.go:83	register table success
[github.com/flipped-aurora/gin-vue-admin/server]2022/12/14 - 20:11:28.016	[34minfo[0m	/Users/yangpanda/Desktop/éº¦ç›Ÿç§‘æŠ€/ç§¯è¿å®/jiyunbao/server/initialize/redis.go:23	redis connect ping response:	{"pong": "PONG"}
[github.com/flipped-aurora/gin-vue-admin/server]2022/12/14 - 20:11:28.026	[34minfo[0m	/Users/yangpanda/Desktop/éº¦ç›Ÿç§‘æŠ€/ç§¯è¿å®/jiyunbao/server/initialize/router.go:39	register swagger handler
[github.com/flipped-aurora/gin-vue-admin/server]2022/12/14 - 20:11:28.120	[34minfo[0m	/Users/yangpanda/Desktop/éº¦ç›Ÿç§‘æŠ€/ç§¯è¿å®/jiyunbao/server/initialize/router.go:132	router register success
[github.com/flipped-aurora/gin-vue-admin/server]2022/12/14 - 20:11:28.121	[34minfo[0m	/Users/yangpanda/Desktop/éº¦ç›Ÿç§‘æŠ€/ç§¯è¿å®/jiyunbao/server/core/server.go:36	server run success on 	{"address": ":9521"}
[github.com/flipped-aurora/gin-vue-admin/server]2022/12/14 - 20:21:29.343	[34minfo[0m	/Users/yangpanda/Desktop/éº¦ç›Ÿç§‘æŠ€/ç§¯è¿å®/jiyunbao/server/initialize/gorm.go:83	register table success
[github.com/flipped-aurora/gin-vue-admin/server]2022/12/14 - 20:21:29.355	[34minfo[0m	/Users/yangpanda/Desktop/éº¦ç›Ÿç§‘æŠ€/ç§¯è¿å®/jiyunbao/server/initialize/redis.go:23	redis connect ping response:	{"pong": "PONG"}
[github.com/flipped-aurora/gin-vue-admin/server]2022/12/14 - 20:21:29.366	[34minfo[0m	/Users/yangpanda/Desktop/éº¦ç›Ÿç§‘æŠ€/ç§¯è¿å®/jiyunbao/server/initialize/router.go:39	register swagger handler
[github.com/flipped-aurora/gin-vue-admin/server]2022/12/14 - 20:21:29.435	[34minfo[0m	/Users/yangpanda/Desktop/éº¦ç›Ÿç§‘æŠ€/ç§¯è¿å®/jiyunbao/server/initialize/router.go:132	router register success
[github.com/flipped-aurora/gin-vue-admin/server]2022/12/14 - 20:21:29.435	[34minfo[0m	/Users/yangpanda/Desktop/éº¦ç›Ÿç§‘æŠ€/ç§¯è¿å®/jiyunbao/server/core/server.go:36	server run success on 	{"address": ":9521"}
[github.com/flipped-aurora/gin-vue-admin/server]2022/12/14 - 20:27:40.814	[34minfo[0m	/Users/yangpanda/Desktop/éº¦ç›Ÿç§‘æŠ€/ç§¯è¿å®/jiyunbao/server/initialize/gorm.go:83	register table success
[github.com/flipped-aurora/gin-vue-admin/server]2022/12/14 - 20:27:40.830	[34minfo[0m	/Users/yangpanda/Desktop/éº¦ç›Ÿç§‘æŠ€/ç§¯è¿å®/jiyunbao/server/initialize/redis.go:23	redis connect ping response:	{"pong": "PONG"}
[github.com/flipped-aurora/gin-vue-admin/server]2022/12/14 - 20:27:40.840	[34minfo[0m	/Users/yangpanda/Desktop/éº¦ç›Ÿç§‘æŠ€/ç§¯è¿å®/jiyunbao/server/initialize/router.go:39	register swagger handler
[github.com/flipped-aurora/gin-vue-admin/server]2022/12/14 - 20:27:40.897	[34minfo[0m	/Users/yangpanda/Desktop/éº¦ç›Ÿç§‘æŠ€/ç§¯è¿å®/jiyunbao/server/initialize/router.go:132	router register success
[github.com/flipped-aurora/gin-vue-admin/server]2022/12/14 - 20:27:40.898	[34minfo[0m	/Users/yangpanda/Desktop/éº¦ç›Ÿç§‘æŠ€/ç§¯è¿å®/jiyunbao/server/core/server.go:36	server run success on 	{"address": ":9521"}
[github.com/flipped-aurora/gin-vue-admin/server]2022/12/14 - 20:33:09.511	[34minfo[0m	/Users/yangpanda/Desktop/éº¦ç›Ÿç§‘æŠ€/ç§¯è¿å®/jiyunbao/server/initialize/gorm.go:83	register table success
[github.com/flipped-aurora/gin-vue-admin/server]2022/12/14 - 20:33:09.575	[34minfo[0m	/Users/yangpanda/Desktop/éº¦ç›Ÿç§‘æŠ€/ç§¯è¿å®/jiyunbao/server/initialize/redis.go:23	redis connect ping response:	{"pong": "PONG"}
[github.com/flipped-aurora/gin-vue-admin/server]2022/12/14 - 20:33:09.585	[34minfo[0m	/Users/yangpanda/Desktop/éº¦ç›Ÿç§‘æŠ€/ç§¯è¿å®/jiyunbao/server/initialize/router.go:39	register swagger handler
[github.com/flipped-aurora/gin-vue-admin/server]2022/12/14 - 20:33:09.689	[34minfo[0m	/Users/yangpanda/Desktop/éº¦ç›Ÿç§‘æŠ€/ç§¯è¿å®/jiyunbao/server/initialize/router.go:132	router register success
[github.com/flipped-aurora/gin-vue-admin/server]2022/12/14 - 20:33:09.690	[34minfo[0m	/Users/yangpanda/Desktop/éº¦ç›Ÿç§‘æŠ€/ç§¯è¿å®/jiyunbao/server/core/server.go:36	server run success on 	{"address": ":9521"}
[github.com/flipped-aurora/gin-vue-admin/server]2022/12/14 - 20:38:08.496	[34minfo[0m	/Users/yangpanda/Desktop/éº¦ç›Ÿç§‘æŠ€/ç§¯è¿å®/jiyunbao/server/initialize/gorm.go:83	register table success
[github.com/flipped-aurora/gin-vue-admin/server]2022/12/14 - 20:38:08.509	[34minfo[0m	/Users/yangpanda/Desktop/éº¦ç›Ÿç§‘æŠ€/ç§¯è¿å®/jiyunbao/server/initialize/redis.go:23	redis connect ping response:	{"pong": "PONG"}
[github.com/flipped-aurora/gin-vue-admin/server]2022/12/14 - 20:38:08.523	[34minfo[0m	/Users/yangpanda/Desktop/éº¦ç›Ÿç§‘æŠ€/ç§¯è¿å®/jiyunbao/server/initialize/router.go:39	register swagger handler
[github.com/flipped-aurora/gin-vue-admin/server]2022/12/14 - 20:38:08.577	[34minfo[0m	/Users/yangpanda/Desktop/éº¦ç›Ÿç§‘æŠ€/ç§¯è¿å®/jiyunbao/server/initialize/router.go:132	router register success
[github.com/flipped-aurora/gin-vue-admin/server]2022/12/14 - 20:38:08.578	[34minfo[0m	/Users/yangpanda/Desktop/éº¦ç›Ÿç§‘æŠ€/ç§¯è¿å®/jiyunbao/server/core/server.go:36	server run success on 	{"address": ":9521"}
[github.com/flipped-aurora/gin-vue-admin/server]2022/12/14 - 20:46:40.711	[34minfo[0m	/Users/yangpanda/Desktop/éº¦ç›Ÿç§‘æŠ€/ç§¯è¿å®/jiyunbao/server/initialize/gorm.go:83	register table success
[github.com/flipped-aurora/gin-vue-admin/server]2022/12/14 - 20:46:40.736	[34minfo[0m	/Users/yangpanda/Desktop/éº¦ç›Ÿç§‘æŠ€/ç§¯è¿å®/jiyunbao/server/initialize/redis.go:23	redis connect ping response:	{"pong": "PONG"}
[github.com/flipped-aurora/gin-vue-admin/server]2022/12/14 - 20:46:40.748	[34minfo[0m	/Users/yangpanda/Desktop/éº¦ç›Ÿç§‘æŠ€/ç§¯è¿å®/jiyunbao/server/initialize/router.go:39	register swagger handler
[github.com/flipped-aurora/gin-vue-admin/server]2022/12/14 - 20:46:40.800	[34minfo[0m	/Users/yangpanda/Desktop/éº¦ç›Ÿç§‘æŠ€/ç§¯è¿å®/jiyunbao/server/initialize/router.go:132	router register success
[github.com/flipped-aurora/gin-vue-admin/server]2022/12/14 - 20:46:40.803	[34minfo[0m	/Users/yangpanda/Desktop/éº¦ç›Ÿç§‘æŠ€/ç§¯è¿å®/jiyunbao/server/core/server.go:36	server run success on 	{"address": ":9521"}
[github.com/flipped-aurora/gin-vue-admin/server]2022/12/14 - 20:49:59.874	[34minfo[0m	/Users/yangpanda/Desktop/éº¦ç›Ÿç§‘æŠ€/ç§¯è¿å®/jiyunbao/server/initialize/gorm.go:83	register table success
[github.com/flipped-aurora/gin-vue-admin/server]2022/12/14 - 20:49:59.886	[34minfo[0m	/Users/yangpanda/Desktop/éº¦ç›Ÿç§‘æŠ€/ç§¯è¿å®/jiyunbao/server/initialize/redis.go:23	redis connect ping response:	{"pong": "PONG"}
[github.com/flipped-aurora/gin-vue-admin/server]2022/12/14 - 20:49:59.898	[34minfo[0m	/Users/yangpanda/Desktop/éº¦ç›Ÿç§‘æŠ€/ç§¯è¿å®/jiyunbao/server/initialize/router.go:39	register swagger handler
[github.com/flipped-aurora/gin-vue-admin/server]2022/12/14 - 20:49:59.945	[34minfo[0m	/Users/yangpanda/Desktop/éº¦ç›Ÿç§‘æŠ€/ç§¯è¿å®/jiyunbao/server/initialize/router.go:132	router register success
[github.com/flipped-aurora/gin-vue-admin/server]2022/12/14 - 20:49:59.945	[34minfo[0m	/Users/yangpanda/Desktop/éº¦ç›Ÿç§‘æŠ€/ç§¯è¿å®/jiyunbao/server/core/server.go:36	server run success on 	{"address": ":9521"}
[github.com/flipped-aurora/gin-vue-admin/server]2022/12/14 - 20:57:39.511	[34minfo[0m	/Users/yangpanda/Desktop/éº¦ç›Ÿç§‘æŠ€/ç§¯è¿å®/jiyunbao/server/initialize/gorm.go:83	register table success
[github.com/flipped-aurora/gin-vue-admin/server]2022/12/14 - 20:57:39.577	[34minfo[0m	/Users/yangpanda/Desktop/éº¦ç›Ÿç§‘æŠ€/ç§¯è¿å®/jiyunbao/server/initialize/redis.go:23	redis connect ping response:	{"pong": "PONG"}
[github.com/flipped-aurora/gin-vue-admin/server]2022/12/14 - 20:57:39.588	[34minfo[0m	/Users/yangpanda/Desktop/éº¦ç›Ÿç§‘æŠ€/ç§¯è¿å®/jiyunbao/server/initialize/router.go:39	register swagger handler
[github.com/flipped-aurora/gin-vue-admin/server]2022/12/14 - 20:57:39.660	[34minfo[0m	/Users/yangpanda/Desktop/éº¦ç›Ÿç§‘æŠ€/ç§¯è¿å®/jiyunbao/server/initialize/router.go:132	router register success
[github.com/flipped-aurora/gin-vue-admin/server]2022/12/14 - 20:57:39.661	[34minfo[0m	/Users/yangpanda/Desktop/éº¦ç›Ÿç§‘æŠ€/ç§¯è¿å®/jiyunbao/server/core/server.go:36	server run success on 	{"address": ":9521"}
