[github.com/flipped-aurora/gin-vue-admin/server]2023/01/05 - 16:03:53.311	[34minfo[0m	/Users/yangpanda/Desktop/éº¦ç›Ÿç§‘æŠ€/ç§¯è¿å®/jiyunbao/server/initialize/gorm.go:85	register table success
[github.com/flipped-aurora/gin-vue-admin/server]2023/01/05 - 16:03:53.335	[34minfo[0m	/Users/yangpanda/Desktop/éº¦ç›Ÿç§‘æŠ€/ç§¯è¿å®/jiyunbao/server/initialize/redis.go:23	redis connect ping response:	{"pong": "PONG"}
[github.com/flipped-aurora/gin-vue-admin/server]2023/01/05 - 16:03:53.343	[34minfo[0m	/Users/yangpanda/Desktop/éº¦ç›Ÿç§‘æŠ€/ç§¯è¿å®/jiyunbao/server/initialize/router.go:39	register swagger handler
[github.com/flipped-aurora/gin-vue-admin/server]2023/01/05 - 16:03:53.538	[34minfo[0m	/Users/yangpanda/Desktop/éº¦ç›Ÿç§‘æŠ€/ç§¯è¿å®/jiyunbao/server/initialize/router.go:136	router register success
[github.com/flipped-aurora/gin-vue-admin/server]2023/01/05 - 16:03:53.538	[34minfo[0m	/Users/yangpanda/Desktop/éº¦ç›Ÿç§‘æŠ€/ç§¯è¿å®/jiyunbao/server/core/server.go:36	server run success on 	{"address": ":9521"}
[github.com/flipped-aurora/gin-vue-admin/server]2023/01/05 - 16:38:26.429	[34minfo[0m	/Users/yangpanda/Desktop/éº¦ç›Ÿç§‘æŠ€/ç§¯è¿å®/jiyunbao/server/initialize/gorm.go:86	register table success
[github.com/flipped-aurora/gin-vue-admin/server]2023/01/05 - 16:38:26.493	[34minfo[0m	/Users/yangpanda/Desktop/éº¦ç›Ÿç§‘æŠ€/ç§¯è¿å®/jiyunbao/server/initialize/redis.go:23	redis connect ping response:	{"pong": "PONG"}
[github.com/flipped-aurora/gin-vue-admin/server]2023/01/05 - 16:38:26.502	[34minfo[0m	/Users/yangpanda/Desktop/éº¦ç›Ÿç§‘æŠ€/ç§¯è¿å®/jiyunbao/server/initialize/router.go:39	register swagger handler
[github.com/flipped-aurora/gin-vue-admin/server]2023/01/05 - 16:38:28.083	[34minfo[0m	/Users/yangpanda/Desktop/éº¦ç›Ÿç§‘æŠ€/ç§¯è¿å®/jiyunbao/server/initialize/router.go:137	router register success
[github.com/flipped-aurora/gin-vue-admin/server]2023/01/05 - 16:38:28.083	[34minfo[0m	/Users/yangpanda/Desktop/éº¦ç›Ÿç§‘æŠ€/ç§¯è¿å®/jiyunbao/server/core/server.go:36	server run success on 	{"address": ":9521"}
[github.com/flipped-aurora/gin-vue-admin/server]2023/01/05 - 16:46:23.999	[34minfo[0m	/Users/yangpanda/Desktop/éº¦ç›Ÿç§‘æŠ€/ç§¯è¿å®/jiyunbao/server/initialize/gorm.go:86	register table success
[github.com/flipped-aurora/gin-vue-admin/server]2023/01/05 - 16:46:24.089	[34minfo[0m	/Users/yangpanda/Desktop/éº¦ç›Ÿç§‘æŠ€/ç§¯è¿å®/jiyunbao/server/initialize/router.go:39	register swagger handler
[github.com/flipped-aurora/gin-vue-admin/server]2023/01/05 - 16:46:24.349	[34minfo[0m	/Users/yangpanda/Desktop/éº¦ç›Ÿç§‘æŠ€/ç§¯è¿å®/jiyunbao/server/initialize/router.go:137	router register success
[github.com/flipped-aurora/gin-vue-admin/server]2023/01/05 - 16:46:24.350	[34minfo[0m	/Users/yangpanda/Desktop/éº¦ç›Ÿç§‘æŠ€/ç§¯è¿å®/jiyunbao/server/core/server.go:36	server run success on 	{"address": ":9521"}
[github.com/flipped-aurora/gin-vue-admin/server]2023/01/05 - 16:59:23.333	[34minfo[0m	/Users/yangpanda/Desktop/éº¦ç›Ÿç§‘æŠ€/ç§¯è¿å®/jiyunbao/server/initialize/gorm.go:86	register table success
[github.com/flipped-aurora/gin-vue-admin/server]2023/01/05 - 16:59:23.437	[34minfo[0m	/Users/yangpanda/Desktop/éº¦ç›Ÿç§‘æŠ€/ç§¯è¿å®/jiyunbao/server/initialize/router.go:39	register swagger handler
[github.com/flipped-aurora/gin-vue-admin/server]2023/01/05 - 16:59:23.521	[34minfo[0m	/Users/yangpanda/Desktop/éº¦ç›Ÿç§‘æŠ€/ç§¯è¿å®/jiyunbao/server/initialize/router.go:137	router register success
[github.com/flipped-aurora/gin-vue-admin/server]2023/01/05 - 16:59:23.522	[34minfo[0m	/Users/yangpanda/Desktop/éº¦ç›Ÿç§‘æŠ€/ç§¯è¿å®/jiyunbao/server/core/server.go:36	server run success on 	{"address": ":9521"}
[github.com/flipped-aurora/gin-vue-admin/server]2023/01/05 - 17:57:37.290	[34minfo[0m	/Users/yangpanda/Desktop/éº¦ç›Ÿç§‘æŠ€/ç§¯è¿å®/jiyunbao/server/initialize/gorm.go:86	register table success
[github.com/flipped-aurora/gin-vue-admin/server]2023/01/05 - 17:57:37.390	[34minfo[0m	/Users/yangpanda/Desktop/éº¦ç›Ÿç§‘æŠ€/ç§¯è¿å®/jiyunbao/server/initialize/router.go:39	register swagger handler
[github.com/flipped-aurora/gin-vue-admin/server]2023/01/05 - 17:57:37.428	[34minfo[0m	/Users/yangpanda/Desktop/éº¦ç›Ÿç§‘æŠ€/ç§¯è¿å®/jiyunbao/server/initialize/router.go:138	router register success
[github.com/flipped-aurora/gin-vue-admin/server]2023/01/05 - 17:57:37.428	[34minfo[0m	/Users/yangpanda/Desktop/éº¦ç›Ÿç§‘æŠ€/ç§¯è¿å®/jiyunbao/server/core/server.go:36	server run success on 	{"address": ":9521"}
[github.com/flipped-aurora/gin-vue-admin/server]2023/01/05 - 18:01:51.039	[34minfo[0m	/Users/yangpanda/Desktop/éº¦ç›Ÿç§‘æŠ€/ç§¯è¿å®/jiyunbao/server/initialize/gorm.go:86	register table success
[github.com/flipped-aurora/gin-vue-admin/server]2023/01/05 - 18:01:51.168	[34minfo[0m	/Users/yangpanda/Desktop/éº¦ç›Ÿç§‘æŠ€/ç§¯è¿å®/jiyunbao/server/initialize/router.go:39	register swagger handler
[github.com/flipped-aurora/gin-vue-admin/server]2023/01/05 - 18:01:51.214	[34minfo[0m	/Users/yangpanda/Desktop/éº¦ç›Ÿç§‘æŠ€/ç§¯è¿å®/jiyunbao/server/initialize/router.go:138	router register success
[github.com/flipped-aurora/gin-vue-admin/server]2023/01/05 - 18:01:51.214	[34minfo[0m	/Users/yangpanda/Desktop/éº¦ç›Ÿç§‘æŠ€/ç§¯è¿å®/jiyunbao/server/core/server.go:36	server run success on 	{"address": ":9521"}
[github.com/flipped-aurora/gin-vue-admin/server]2023/01/05 - 18:22:14.919	[34minfo[0m	/Users/yangpanda/Desktop/éº¦ç›Ÿç§‘æŠ€/ç§¯è¿å®/jiyunbao/server/initialize/gorm.go:86	register table success
[github.com/flipped-aurora/gin-vue-admin/server]2023/01/05 - 18:22:15.016	[34minfo[0m	/Users/yangpanda/Desktop/éº¦ç›Ÿç§‘æŠ€/ç§¯è¿å®/jiyunbao/server/initialize/router.go:39	register swagger handler
[github.com/flipped-aurora/gin-vue-admin/server]2023/01/05 - 18:22:15.055	[34minfo[0m	/Users/yangpanda/Desktop/éº¦ç›Ÿç§‘æŠ€/ç§¯è¿å®/jiyunbao/server/initialize/router.go:138	router register success
[github.com/flipped-aurora/gin-vue-admin/server]2023/01/05 - 18:22:15.055	[34minfo[0m	/Users/yangpanda/Desktop/éº¦ç›Ÿç§‘æŠ€/ç§¯è¿å®/jiyunbao/server/core/server.go:36	server run success on 	{"address": ":9521"}
