[github.com/flipped-aurora/gin-vue-admin/server]2023/01/12 - 16:29:50.261	[34minfo[0m	/Users/yangpanda/Desktop/éº¦ç›Ÿç§‘æŠ€/ç§¯è¿å®/jiyunbao/server/initialize/gorm.go:86	register table success
[github.com/flipped-aurora/gin-vue-admin/server]2023/01/12 - 16:29:50.278	[34minfo[0m	/Users/yangpanda/Desktop/éº¦ç›Ÿç§‘æŠ€/ç§¯è¿å®/jiyunbao/server/initialize/redis.go:23	redis connect ping response:	{"pong": "PONG"}
[github.com/flipped-aurora/gin-vue-admin/server]2023/01/12 - 16:29:50.288	[34minfo[0m	/Users/yangpanda/Desktop/éº¦ç›Ÿç§‘æŠ€/ç§¯è¿å®/jiyunbao/server/initialize/router.go:39	register swagger handler
[github.com/flipped-aurora/gin-vue-admin/server]2023/01/12 - 16:29:50.511	[34minfo[0m	/Users/yangpanda/Desktop/éº¦ç›Ÿç§‘æŠ€/ç§¯è¿å®/jiyunbao/server/initialize/router.go:141	router register success
[github.com/flipped-aurora/gin-vue-admin/server]2023/01/12 - 16:29:50.516	[34minfo[0m	/Users/yangpanda/Desktop/éº¦ç›Ÿç§‘æŠ€/ç§¯è¿å®/jiyunbao/server/core/server.go:36	server run success on 	{"address": ":9521"}
[github.com/flipped-aurora/gin-vue-admin/server]2023/01/12 - 16:57:05.788	[34minfo[0m	/Users/yangpanda/Desktop/éº¦ç›Ÿç§‘æŠ€/ç§¯è¿å®/jiyunbao/server/initialize/gorm.go:86	register table success
[github.com/flipped-aurora/gin-vue-admin/server]2023/01/12 - 16:57:05.904	[34minfo[0m	/Users/yangpanda/Desktop/éº¦ç›Ÿç§‘æŠ€/ç§¯è¿å®/jiyunbao/server/initialize/redis.go:23	redis connect ping response:	{"pong": "PONG"}
[github.com/flipped-aurora/gin-vue-admin/server]2023/01/12 - 16:57:05.915	[34minfo[0m	/Users/yangpanda/Desktop/éº¦ç›Ÿç§‘æŠ€/ç§¯è¿å®/jiyunbao/server/initialize/router.go:39	register swagger handler
[github.com/flipped-aurora/gin-vue-admin/server]2023/01/12 - 16:57:06.100	[34minfo[0m	/Users/yangpanda/Desktop/éº¦ç›Ÿç§‘æŠ€/ç§¯è¿å®/jiyunbao/server/initialize/router.go:141	router register success
[github.com/flipped-aurora/gin-vue-admin/server]2023/01/12 - 16:57:06.104	[34minfo[0m	/Users/yangpanda/Desktop/éº¦ç›Ÿç§‘æŠ€/ç§¯è¿å®/jiyunbao/server/core/server.go:36	server run success on 	{"address": ":9521"}
[github.com/flipped-aurora/gin-vue-admin/server]2023/01/12 - 17:02:49.317	[34minfo[0m	/Users/yangpanda/Desktop/éº¦ç›Ÿç§‘æŠ€/ç§¯è¿å®/jiyunbao/server/initialize/gorm.go:86	register table success
[github.com/flipped-aurora/gin-vue-admin/server]2023/01/12 - 17:02:49.329	[34minfo[0m	/Users/yangpanda/Desktop/éº¦ç›Ÿç§‘æŠ€/ç§¯è¿å®/jiyunbao/server/initialize/redis.go:23	redis connect ping response:	{"pong": "PONG"}
[github.com/flipped-aurora/gin-vue-admin/server]2023/01/12 - 17:02:49.339	[34minfo[0m	/Users/yangpanda/Desktop/éº¦ç›Ÿç§‘æŠ€/ç§¯è¿å®/jiyunbao/server/initialize/router.go:39	register swagger handler
[github.com/flipped-aurora/gin-vue-admin/server]2023/01/12 - 17:02:49.425	[34minfo[0m	/Users/yangpanda/Desktop/éº¦ç›Ÿç§‘æŠ€/ç§¯è¿å®/jiyunbao/server/initialize/router.go:141	router register success
[github.com/flipped-aurora/gin-vue-admin/server]2023/01/12 - 17:02:49.425	[34minfo[0m	/Users/yangpanda/Desktop/éº¦ç›Ÿç§‘æŠ€/ç§¯è¿å®/jiyunbao/server/core/server.go:36	server run success on 	{"address": ":9521"}
[github.com/flipped-aurora/gin-vue-admin/server]2023/01/12 - 17:05:49.978	[34minfo[0m	/Users/yangpanda/Desktop/éº¦ç›Ÿç§‘æŠ€/ç§¯è¿å®/jiyunbao/server/initialize/gorm.go:86	register table success
[github.com/flipped-aurora/gin-vue-admin/server]2023/01/12 - 17:05:50.053	[34minfo[0m	/Users/yangpanda/Desktop/éº¦ç›Ÿç§‘æŠ€/ç§¯è¿å®/jiyunbao/server/initialize/redis.go:23	redis connect ping response:	{"pong": "PONG"}
[github.com/flipped-aurora/gin-vue-admin/server]2023/01/12 - 17:05:50.063	[34minfo[0m	/Users/yangpanda/Desktop/éº¦ç›Ÿç§‘æŠ€/ç§¯è¿å®/jiyunbao/server/initialize/router.go:39	register swagger handler
[github.com/flipped-aurora/gin-vue-admin/server]2023/01/12 - 17:05:50.125	[34minfo[0m	/Users/yangpanda/Desktop/éº¦ç›Ÿç§‘æŠ€/ç§¯è¿å®/jiyunbao/server/initialize/router.go:141	router register success
[github.com/flipped-aurora/gin-vue-admin/server]2023/01/12 - 17:05:50.126	[34minfo[0m	/Users/yangpanda/Desktop/éº¦ç›Ÿç§‘æŠ€/ç§¯è¿å®/jiyunbao/server/core/server.go:36	server run success on 	{"address": ":9521"}
[github.com/flipped-aurora/gin-vue-admin/server]2023/01/12 - 17:26:48.144	[34minfo[0m	/Users/yangpanda/Desktop/éº¦ç›Ÿç§‘æŠ€/ç§¯è¿å®/jiyunbao/server/initialize/gorm.go:86	register table success
[github.com/flipped-aurora/gin-vue-admin/server]2023/01/12 - 17:26:48.155	[34minfo[0m	/Users/yangpanda/Desktop/éº¦ç›Ÿç§‘æŠ€/ç§¯è¿å®/jiyunbao/server/initialize/redis.go:23	redis connect ping response:	{"pong": "PONG"}
[github.com/flipped-aurora/gin-vue-admin/server]2023/01/12 - 17:26:48.167	[34minfo[0m	/Users/yangpanda/Desktop/éº¦ç›Ÿç§‘æŠ€/ç§¯è¿å®/jiyunbao/server/initialize/router.go:39	register swagger handler
[github.com/flipped-aurora/gin-vue-admin/server]2023/01/12 - 17:26:48.228	[34minfo[0m	/Users/yangpanda/Desktop/éº¦ç›Ÿç§‘æŠ€/ç§¯è¿å®/jiyunbao/server/initialize/router.go:141	router register success
[github.com/flipped-aurora/gin-vue-admin/server]2023/01/12 - 17:26:48.228	[34minfo[0m	/Users/yangpanda/Desktop/éº¦ç›Ÿç§‘æŠ€/ç§¯è¿å®/jiyunbao/server/core/server.go:36	server run success on 	{"address": ":9521"}
[github.com/flipped-aurora/gin-vue-admin/server]2023/01/12 - 17:33:39.274	[34minfo[0m	/Users/yangpanda/Desktop/éº¦ç›Ÿç§‘æŠ€/ç§¯è¿å®/jiyunbao/server/initialize/gorm.go:86	register table success
[github.com/flipped-aurora/gin-vue-admin/server]2023/01/12 - 17:33:39.364	[34minfo[0m	/Users/yangpanda/Desktop/éº¦ç›Ÿç§‘æŠ€/ç§¯è¿å®/jiyunbao/server/initialize/redis.go:23	redis connect ping response:	{"pong": "PONG"}
[github.com/flipped-aurora/gin-vue-admin/server]2023/01/12 - 17:33:39.374	[34minfo[0m	/Users/yangpanda/Desktop/éº¦ç›Ÿç§‘æŠ€/ç§¯è¿å®/jiyunbao/server/initialize/router.go:39	register swagger handler
[github.com/flipped-aurora/gin-vue-admin/server]2023/01/12 - 17:33:39.404	[34minfo[0m	/Users/yangpanda/Desktop/éº¦ç›Ÿç§‘æŠ€/ç§¯è¿å®/jiyunbao/server/initialize/router.go:141	router register success
[github.com/flipped-aurora/gin-vue-admin/server]2023/01/12 - 17:33:39.405	[34minfo[0m	/Users/yangpanda/Desktop/éº¦ç›Ÿç§‘æŠ€/ç§¯è¿å®/jiyunbao/server/core/server.go:36	server run success on 	{"address": ":9521"}
[github.com/flipped-aurora/gin-vue-admin/server]2023/01/12 - 18:17:36.428	[34minfo[0m	/Users/yangpanda/Desktop/éº¦ç›Ÿç§‘æŠ€/ç§¯è¿å®/jiyunbao/server/initialize/gorm.go:86	register table success
[github.com/flipped-aurora/gin-vue-admin/server]2023/01/12 - 18:17:36.441	[34minfo[0m	/Users/yangpanda/Desktop/éº¦ç›Ÿç§‘æŠ€/ç§¯è¿å®/jiyunbao/server/initialize/redis.go:23	redis connect ping response:	{"pong": "PONG"}
[github.com/flipped-aurora/gin-vue-admin/server]2023/01/12 - 18:17:36.452	[34minfo[0m	/Users/yangpanda/Desktop/éº¦ç›Ÿç§‘æŠ€/ç§¯è¿å®/jiyunbao/server/initialize/router.go:39	register swagger handler
[github.com/flipped-aurora/gin-vue-admin/server]2023/01/12 - 18:17:36.502	[34minfo[0m	/Users/yangpanda/Desktop/éº¦ç›Ÿç§‘æŠ€/ç§¯è¿å®/jiyunbao/server/initialize/router.go:141	router register success
[github.com/flipped-aurora/gin-vue-admin/server]2023/01/12 - 18:17:36.502	[34minfo[0m	/Users/yangpanda/Desktop/éº¦ç›Ÿç§‘æŠ€/ç§¯è¿å®/jiyunbao/server/core/server.go:36	server run success on 	{"address": ":9521"}
