[github.com/flipped-aurora/gin-vue-admin/server]2022/12/09 - 10:00:47.322	[34minfo[0m	/Users/yangpanda/Desktop/éº¦ç›Ÿç§‘æŠ€/ç§¯è¿å®/jiyunbao/server/initialize/gorm.go:83	register table success
[github.com/flipped-aurora/gin-vue-admin/server]2022/12/09 - 10:00:47.344	[34minfo[0m	/Users/yangpanda/Desktop/éº¦ç›Ÿç§‘æŠ€/ç§¯è¿å®/jiyunbao/server/initialize/redis.go:23	redis connect ping response:	{"pong": "PONG"}
[github.com/flipped-aurora/gin-vue-admin/server]2022/12/09 - 10:00:47.355	[34minfo[0m	/Users/yangpanda/Desktop/éº¦ç›Ÿç§‘æŠ€/ç§¯è¿å®/jiyunbao/server/initialize/router.go:39	register swagger handler
[github.com/flipped-aurora/gin-vue-admin/server]2022/12/09 - 10:00:47.556	[34minfo[0m	/Users/yangpanda/Desktop/éº¦ç›Ÿç§‘æŠ€/ç§¯è¿å®/jiyunbao/server/initialize/router.go:132	router register success
[github.com/flipped-aurora/gin-vue-admin/server]2022/12/09 - 10:00:47.556	[34minfo[0m	/Users/yangpanda/Desktop/éº¦ç›Ÿç§‘æŠ€/ç§¯è¿å®/jiyunbao/server/core/server.go:36	server run success on 	{"address": ":9521"}
[github.com/flipped-aurora/gin-vue-admin/server]2022/12/09 - 11:16:05.571	[34minfo[0m	/Users/yangpanda/Desktop/éº¦ç›Ÿç§‘æŠ€/ç§¯è¿å®/jiyunbao/server/initialize/gorm.go:83	register table success
[github.com/flipped-aurora/gin-vue-admin/server]2022/12/09 - 11:16:05.598	[34minfo[0m	/Users/yangpanda/Desktop/éº¦ç›Ÿç§‘æŠ€/ç§¯è¿å®/jiyunbao/server/initialize/redis.go:23	redis connect ping response:	{"pong": "PONG"}
[github.com/flipped-aurora/gin-vue-admin/server]2022/12/09 - 11:16:05.612	[34minfo[0m	/Users/yangpanda/Desktop/éº¦ç›Ÿç§‘æŠ€/ç§¯è¿å®/jiyunbao/server/initialize/router.go:39	register swagger handler
[github.com/flipped-aurora/gin-vue-admin/server]2022/12/09 - 11:16:05.715	[34minfo[0m	/Users/yangpanda/Desktop/éº¦ç›Ÿç§‘æŠ€/ç§¯è¿å®/jiyunbao/server/initialize/router.go:132	router register success
[github.com/flipped-aurora/gin-vue-admin/server]2022/12/09 - 11:16:05.716	[34minfo[0m	/Users/yangpanda/Desktop/éº¦ç›Ÿç§‘æŠ€/ç§¯è¿å®/jiyunbao/server/core/server.go:36	server run success on 	{"address": ":9521"}
[github.com/flipped-aurora/gin-vue-admin/server]2022/12/09 - 14:45:19.528	[34minfo[0m	/Users/yangpanda/Desktop/éº¦ç›Ÿç§‘æŠ€/ç§¯è¿å®/jiyunbao/server/initialize/gorm.go:83	register table success
[github.com/flipped-aurora/gin-vue-admin/server]2022/12/09 - 14:45:19.547	[34minfo[0m	/Users/yangpanda/Desktop/éº¦ç›Ÿç§‘æŠ€/ç§¯è¿å®/jiyunbao/server/initialize/redis.go:23	redis connect ping response:	{"pong": "PONG"}
[github.com/flipped-aurora/gin-vue-admin/server]2022/12/09 - 14:45:19.559	[34minfo[0m	/Users/yangpanda/Desktop/éº¦ç›Ÿç§‘æŠ€/ç§¯è¿å®/jiyunbao/server/initialize/router.go:39	register swagger handler
[github.com/flipped-aurora/gin-vue-admin/server]2022/12/09 - 14:45:19.811	[34minfo[0m	/Users/yangpanda/Desktop/éº¦ç›Ÿç§‘æŠ€/ç§¯è¿å®/jiyunbao/server/initialize/router.go:132	router register success
[github.com/flipped-aurora/gin-vue-admin/server]2022/12/09 - 14:45:19.812	[34minfo[0m	/Users/yangpanda/Desktop/éº¦ç›Ÿç§‘æŠ€/ç§¯è¿å®/jiyunbao/server/core/server.go:36	server run success on 	{"address": ":9521"}
[github.com/flipped-aurora/gin-vue-admin/server]2022/12/09 - 15:01:46.637	[34minfo[0m	/Users/yangpanda/Desktop/éº¦ç›Ÿç§‘æŠ€/ç§¯è¿å®/jiyunbao/server/initialize/gorm.go:83	register table success
[github.com/flipped-aurora/gin-vue-admin/server]2022/12/09 - 15:01:46.645	[34minfo[0m	/Users/yangpanda/Desktop/éº¦ç›Ÿç§‘æŠ€/ç§¯è¿å®/jiyunbao/server/initialize/redis.go:23	redis connect ping response:	{"pong": "PONG"}
[github.com/flipped-aurora/gin-vue-admin/server]2022/12/09 - 15:01:46.656	[34minfo[0m	/Users/yangpanda/Desktop/éº¦ç›Ÿç§‘æŠ€/ç§¯è¿å®/jiyunbao/server/initialize/router.go:39	register swagger handler
[github.com/flipped-aurora/gin-vue-admin/server]2022/12/09 - 15:01:46.714	[34minfo[0m	/Users/yangpanda/Desktop/éº¦ç›Ÿç§‘æŠ€/ç§¯è¿å®/jiyunbao/server/initialize/router.go:132	router register success
[github.com/flipped-aurora/gin-vue-admin/server]2022/12/09 - 15:01:46.714	[34minfo[0m	/Users/yangpanda/Desktop/éº¦ç›Ÿç§‘æŠ€/ç§¯è¿å®/jiyunbao/server/core/server.go:36	server run success on 	{"address": ":9521"}
[github.com/flipped-aurora/gin-vue-admin/server]2022/12/09 - 15:39:45.929	[34minfo[0m	/Users/yangpanda/Desktop/éº¦ç›Ÿç§‘æŠ€/ç§¯è¿å®/jiyunbao/server/initialize/gorm.go:83	register table success
[github.com/flipped-aurora/gin-vue-admin/server]2022/12/09 - 15:39:45.946	[34minfo[0m	/Users/yangpanda/Desktop/éº¦ç›Ÿç§‘æŠ€/ç§¯è¿å®/jiyunbao/server/initialize/redis.go:23	redis connect ping response:	{"pong": "PONG"}
[github.com/flipped-aurora/gin-vue-admin/server]2022/12/09 - 15:39:45.956	[34minfo[0m	/Users/yangpanda/Desktop/éº¦ç›Ÿç§‘æŠ€/ç§¯è¿å®/jiyunbao/server/initialize/router.go:39	register swagger handler
[github.com/flipped-aurora/gin-vue-admin/server]2022/12/09 - 15:39:46.055	[34minfo[0m	/Users/yangpanda/Desktop/éº¦ç›Ÿç§‘æŠ€/ç§¯è¿å®/jiyunbao/server/initialize/router.go:132	router register success
[github.com/flipped-aurora/gin-vue-admin/server]2022/12/09 - 15:39:46.056	[34minfo[0m	/Users/yangpanda/Desktop/éº¦ç›Ÿç§‘æŠ€/ç§¯è¿å®/jiyunbao/server/core/server.go:36	server run success on 	{"address": ":9521"}
[github.com/flipped-aurora/gin-vue-admin/server]2022/12/09 - 15:42:00.101	[34minfo[0m	/Users/yangpanda/Desktop/éº¦ç›Ÿç§‘æŠ€/ç§¯è¿å®/jiyunbao/server/initialize/gorm.go:83	register table success
[github.com/flipped-aurora/gin-vue-admin/server]2022/12/09 - 15:42:00.110	[34minfo[0m	/Users/yangpanda/Desktop/éº¦ç›Ÿç§‘æŠ€/ç§¯è¿å®/jiyunbao/server/initialize/redis.go:23	redis connect ping response:	{"pong": "PONG"}
[github.com/flipped-aurora/gin-vue-admin/server]2022/12/09 - 15:42:00.120	[34minfo[0m	/Users/yangpanda/Desktop/éº¦ç›Ÿç§‘æŠ€/ç§¯è¿å®/jiyunbao/server/initialize/router.go:39	register swagger handler
[github.com/flipped-aurora/gin-vue-admin/server]2022/12/09 - 15:42:00.161	[34minfo[0m	/Users/yangpanda/Desktop/éº¦ç›Ÿç§‘æŠ€/ç§¯è¿å®/jiyunbao/server/initialize/router.go:132	router register success
[github.com/flipped-aurora/gin-vue-admin/server]2022/12/09 - 15:42:00.162	[34minfo[0m	/Users/yangpanda/Desktop/éº¦ç›Ÿç§‘æŠ€/ç§¯è¿å®/jiyunbao/server/core/server.go:36	server run success on 	{"address": ":9521"}
[github.com/flipped-aurora/gin-vue-admin/server]2022/12/09 - 15:51:56.485	[34minfo[0m	/Users/yangpanda/Desktop/éº¦ç›Ÿç§‘æŠ€/ç§¯è¿å®/jiyunbao/server/initialize/gorm.go:83	register table success
[github.com/flipped-aurora/gin-vue-admin/server]2022/12/09 - 15:51:56.498	[34minfo[0m	/Users/yangpanda/Desktop/éº¦ç›Ÿç§‘æŠ€/ç§¯è¿å®/jiyunbao/server/initialize/redis.go:23	redis connect ping response:	{"pong": "PONG"}
[github.com/flipped-aurora/gin-vue-admin/server]2022/12/09 - 15:51:56.510	[34minfo[0m	/Users/yangpanda/Desktop/éº¦ç›Ÿç§‘æŠ€/ç§¯è¿å®/jiyunbao/server/initialize/router.go:39	register swagger handler
[github.com/flipped-aurora/gin-vue-admin/server]2022/12/09 - 15:51:56.569	[34minfo[0m	/Users/yangpanda/Desktop/éº¦ç›Ÿç§‘æŠ€/ç§¯è¿å®/jiyunbao/server/initialize/router.go:132	router register success
[github.com/flipped-aurora/gin-vue-admin/server]2022/12/09 - 15:51:56.569	[34minfo[0m	/Users/yangpanda/Desktop/éº¦ç›Ÿç§‘æŠ€/ç§¯è¿å®/jiyunbao/server/core/server.go:36	server run success on 	{"address": ":9521"}
