[github.com/flipped-aurora/gin-vue-admin/server]2022/12/12 - 14:17:19.952	[34minfo[0m	/Users/yangpanda/Desktop/éº¦ç›Ÿç§‘æŠ€/ç§¯è¿å®/jiyunbao/server/initialize/gorm.go:83	register table success
[github.com/flipped-aurora/gin-vue-admin/server]2022/12/12 - 14:17:19.998	[34minfo[0m	/Users/yangpanda/Desktop/éº¦ç›Ÿç§‘æŠ€/ç§¯è¿å®/jiyunbao/server/initialize/redis.go:23	redis connect ping response:	{"pong": "PONG"}
[github.com/flipped-aurora/gin-vue-admin/server]2022/12/12 - 14:17:20.018	[34minfo[0m	/Users/yangpanda/Desktop/éº¦ç›Ÿç§‘æŠ€/ç§¯è¿å®/jiyunbao/server/initialize/router.go:39	register swagger handler
[github.com/flipped-aurora/gin-vue-admin/server]2022/12/12 - 14:17:20.291	[34minfo[0m	/Users/yangpanda/Desktop/éº¦ç›Ÿç§‘æŠ€/ç§¯è¿å®/jiyunbao/server/initialize/router.go:132	router register success
[github.com/flipped-aurora/gin-vue-admin/server]2022/12/12 - 14:17:20.300	[34minfo[0m	/Users/yangpanda/Desktop/éº¦ç›Ÿç§‘æŠ€/ç§¯è¿å®/jiyunbao/server/core/server.go:36	server run success on 	{"address": ":9521"}
[github.com/flipped-aurora/gin-vue-admin/server]2022/12/12 - 15:10:25.784	[34minfo[0m	/Users/yangpanda/Desktop/éº¦ç›Ÿç§‘æŠ€/ç§¯è¿å®/jiyunbao/server/initialize/gorm.go:83	register table success
[github.com/flipped-aurora/gin-vue-admin/server]2022/12/12 - 15:10:25.805	[34minfo[0m	/Users/yangpanda/Desktop/éº¦ç›Ÿç§‘æŠ€/ç§¯è¿å®/jiyunbao/server/initialize/redis.go:23	redis connect ping response:	{"pong": "PONG"}
[github.com/flipped-aurora/gin-vue-admin/server]2022/12/12 - 15:10:25.847	[34minfo[0m	/Users/yangpanda/Desktop/éº¦ç›Ÿç§‘æŠ€/ç§¯è¿å®/jiyunbao/server/initialize/router.go:39	register swagger handler
[github.com/flipped-aurora/gin-vue-admin/server]2022/12/12 - 15:10:25.979	[34minfo[0m	/Users/yangpanda/Desktop/éº¦ç›Ÿç§‘æŠ€/ç§¯è¿å®/jiyunbao/server/initialize/router.go:132	router register success
[github.com/flipped-aurora/gin-vue-admin/server]2022/12/12 - 15:10:25.980	[34minfo[0m	/Users/yangpanda/Desktop/éº¦ç›Ÿç§‘æŠ€/ç§¯è¿å®/jiyunbao/server/core/server.go:36	server run success on 	{"address": ":9521"}
[github.com/flipped-aurora/gin-vue-admin/server]2022/12/12 - 15:50:40.021	[34minfo[0m	/Users/yangpanda/Desktop/éº¦ç›Ÿç§‘æŠ€/ç§¯è¿å®/jiyunbao/server/initialize/gorm.go:83	register table success
[github.com/flipped-aurora/gin-vue-admin/server]2022/12/12 - 15:50:40.094	[34minfo[0m	/Users/yangpanda/Desktop/éº¦ç›Ÿç§‘æŠ€/ç§¯è¿å®/jiyunbao/server/initialize/redis.go:23	redis connect ping response:	{"pong": "PONG"}
[github.com/flipped-aurora/gin-vue-admin/server]2022/12/12 - 15:50:40.116	[34minfo[0m	/Users/yangpanda/Desktop/éº¦ç›Ÿç§‘æŠ€/ç§¯è¿å®/jiyunbao/server/initialize/router.go:39	register swagger handler
[github.com/flipped-aurora/gin-vue-admin/server]2022/12/12 - 15:50:40.152	[34minfo[0m	/Users/yangpanda/Desktop/éº¦ç›Ÿç§‘æŠ€/ç§¯è¿å®/jiyunbao/server/initialize/router.go:132	router register success
[github.com/flipped-aurora/gin-vue-admin/server]2022/12/12 - 15:50:40.152	[34minfo[0m	/Users/yangpanda/Desktop/éº¦ç›Ÿç§‘æŠ€/ç§¯è¿å®/jiyunbao/server/core/server.go:36	server run success on 	{"address": ":9521"}
[github.com/flipped-aurora/gin-vue-admin/server]2022/12/12 - 16:33:44.366	[34minfo[0m	/Users/yangpanda/Desktop/éº¦ç›Ÿç§‘æŠ€/ç§¯è¿å®/jiyunbao/server/initialize/gorm.go:83	register table success
[github.com/flipped-aurora/gin-vue-admin/server]2022/12/12 - 16:33:44.382	[34minfo[0m	/Users/yangpanda/Desktop/éº¦ç›Ÿç§‘æŠ€/ç§¯è¿å®/jiyunbao/server/initialize/redis.go:23	redis connect ping response:	{"pong": "PONG"}
[github.com/flipped-aurora/gin-vue-admin/server]2022/12/12 - 16:33:44.425	[34minfo[0m	/Users/yangpanda/Desktop/éº¦ç›Ÿç§‘æŠ€/ç§¯è¿å®/jiyunbao/server/initialize/router.go:39	register swagger handler
[github.com/flipped-aurora/gin-vue-admin/server]2022/12/12 - 16:33:44.998	[34minfo[0m	/Users/yangpanda/Desktop/éº¦ç›Ÿç§‘æŠ€/ç§¯è¿å®/jiyunbao/server/initialize/router.go:132	router register success
[github.com/flipped-aurora/gin-vue-admin/server]2022/12/12 - 16:33:44.999	[34minfo[0m	/Users/yangpanda/Desktop/éº¦ç›Ÿç§‘æŠ€/ç§¯è¿å®/jiyunbao/server/core/server.go:36	server run success on 	{"address": ":9521"}
[github.com/flipped-aurora/gin-vue-admin/server]2022/12/12 - 16:47:17.636	[34minfo[0m	/Users/yangpanda/Desktop/éº¦ç›Ÿç§‘æŠ€/ç§¯è¿å®/jiyunbao/server/initialize/gorm.go:83	register table success
[github.com/flipped-aurora/gin-vue-admin/server]2022/12/12 - 16:47:17.705	[34minfo[0m	/Users/yangpanda/Desktop/éº¦ç›Ÿç§‘æŠ€/ç§¯è¿å®/jiyunbao/server/initialize/redis.go:23	redis connect ping response:	{"pong": "PONG"}
[github.com/flipped-aurora/gin-vue-admin/server]2022/12/12 - 16:47:17.717	[34minfo[0m	/Users/yangpanda/Desktop/éº¦ç›Ÿç§‘æŠ€/ç§¯è¿å®/jiyunbao/server/initialize/router.go:39	register swagger handler
[github.com/flipped-aurora/gin-vue-admin/server]2022/12/12 - 16:47:17.948	[34minfo[0m	/Users/yangpanda/Desktop/éº¦ç›Ÿç§‘æŠ€/ç§¯è¿å®/jiyunbao/server/initialize/router.go:132	router register success
[github.com/flipped-aurora/gin-vue-admin/server]2022/12/12 - 16:47:17.948	[34minfo[0m	/Users/yangpanda/Desktop/éº¦ç›Ÿç§‘æŠ€/ç§¯è¿å®/jiyunbao/server/core/server.go:36	server run success on 	{"address": ":9521"}
[github.com/flipped-aurora/gin-vue-admin/server]2022/12/12 - 17:14:40.214	[34minfo[0m	/Users/yangpanda/Desktop/éº¦ç›Ÿç§‘æŠ€/ç§¯è¿å®/jiyunbao/server/initialize/gorm.go:83	register table success
[github.com/flipped-aurora/gin-vue-admin/server]2022/12/12 - 17:14:40.226	[34minfo[0m	/Users/yangpanda/Desktop/éº¦ç›Ÿç§‘æŠ€/ç§¯è¿å®/jiyunbao/server/initialize/redis.go:23	redis connect ping response:	{"pong": "PONG"}
[github.com/flipped-aurora/gin-vue-admin/server]2022/12/12 - 17:14:40.237	[34minfo[0m	/Users/yangpanda/Desktop/éº¦ç›Ÿç§‘æŠ€/ç§¯è¿å®/jiyunbao/server/initialize/router.go:39	register swagger handler
[github.com/flipped-aurora/gin-vue-admin/server]2022/12/12 - 17:14:40.299	[34minfo[0m	/Users/yangpanda/Desktop/éº¦ç›Ÿç§‘æŠ€/ç§¯è¿å®/jiyunbao/server/initialize/router.go:132	router register success
[github.com/flipped-aurora/gin-vue-admin/server]2022/12/12 - 17:14:40.300	[34minfo[0m	/Users/yangpanda/Desktop/éº¦ç›Ÿç§‘æŠ€/ç§¯è¿å®/jiyunbao/server/core/server.go:36	server run success on 	{"address": ":9521"}
[github.com/flipped-aurora/gin-vue-admin/server]2022/12/12 - 17:33:50.633	[34minfo[0m	/Users/yangpanda/Desktop/éº¦ç›Ÿç§‘æŠ€/ç§¯è¿å®/jiyunbao/server/initialize/gorm.go:83	register table success
[github.com/flipped-aurora/gin-vue-admin/server]2022/12/12 - 17:33:50.716	[34minfo[0m	/Users/yangpanda/Desktop/éº¦ç›Ÿç§‘æŠ€/ç§¯è¿å®/jiyunbao/server/initialize/redis.go:23	redis connect ping response:	{"pong": "PONG"}
[github.com/flipped-aurora/gin-vue-admin/server]2022/12/12 - 17:33:50.728	[34minfo[0m	/Users/yangpanda/Desktop/éº¦ç›Ÿç§‘æŠ€/ç§¯è¿å®/jiyunbao/server/initialize/router.go:39	register swagger handler
[github.com/flipped-aurora/gin-vue-admin/server]2022/12/12 - 17:33:50.813	[34minfo[0m	/Users/yangpanda/Desktop/éº¦ç›Ÿç§‘æŠ€/ç§¯è¿å®/jiyunbao/server/initialize/router.go:132	router register success
[github.com/flipped-aurora/gin-vue-admin/server]2022/12/12 - 17:33:50.813	[34minfo[0m	/Users/yangpanda/Desktop/éº¦ç›Ÿç§‘æŠ€/ç§¯è¿å®/jiyunbao/server/core/server.go:36	server run success on 	{"address": ":9521"}
